  God.cpp
f:\dropbox\dropbox\dylemat_genetyczny\dylemat_genetyczny\god.cpp(18): warning C4244: '=': conversion from 'double' to 'int', possible loss of data
f:\dropbox\dropbox\dylemat_genetyczny\dylemat_genetyczny\god.cpp(30): warning C4018: '<': signed/unsigned mismatch
f:\dropbox\dropbox\dylemat_genetyczny\dylemat_genetyczny\god.cpp(38): warning C4018: '<': signed/unsigned mismatch
f:\dropbox\dropbox\dylemat_genetyczny\dylemat_genetyczny\god.cpp(60): warning C4018: '<': signed/unsigned mismatch
f:\dropbox\dropbox\dylemat_genetyczny\dylemat_genetyczny\god.cpp(65): warning C4244: 'initializing': conversion from 'double' to 'int', possible loss of data
f:\dropbox\dropbox\dylemat_genetyczny\dylemat_genetyczny\god.cpp(67): warning C4018: '<': signed/unsigned mismatch
f:\dropbox\dropbox\dylemat_genetyczny\dylemat_genetyczny\god.cpp(68): warning C4018: '<': signed/unsigned mismatch
f:\dropbox\dropbox\dylemat_genetyczny\dylemat_genetyczny\god.cpp(88): warning C4018: '<': signed/unsigned mismatch
f:\dropbox\dropbox\dylemat_genetyczny\dylemat_genetyczny\god.cpp(89): warning C4018: '<': signed/unsigned mismatch
f:\dropbox\dropbox\dylemat_genetyczny\dylemat_genetyczny\god.cpp(113): warning C4244: '+=': conversion from 'double' to 'int', possible loss of data
f:\dropbox\dropbox\dylemat_genetyczny\dylemat_genetyczny\god.cpp(114): warning C4244: '+=': conversion from 'double' to 'int', possible loss of data
f:\dropbox\dropbox\dylemat_genetyczny\dylemat_genetyczny\god.cpp(117): warning C4244: '+=': conversion from 'double' to 'int', possible loss of data
f:\dropbox\dropbox\dylemat_genetyczny\dylemat_genetyczny\god.cpp(118): warning C4244: '+=': conversion from 'double' to 'int', possible loss of data
f:\dropbox\dropbox\dylemat_genetyczny\dylemat_genetyczny\god.cpp(193): warning C4244: '-=': conversion from 'double' to 'time_t', possible loss of data
f:\dropbox\dropbox\dylemat_genetyczny\dylemat_genetyczny\god.cpp(280): warning C4018: '<': signed/unsigned mismatch
f:\dropbox\dropbox\dylemat_genetyczny\dylemat_genetyczny\god.cpp(334): warning C4018: '<': signed/unsigned mismatch
f:\dropbox\dropbox\dylemat_genetyczny\dylemat_genetyczny\god.cpp(344): warning C4018: '<': signed/unsigned mismatch
f:\dropbox\dropbox\dylemat_genetyczny\dylemat_genetyczny\god.cpp(370): warning C4018: '<': signed/unsigned mismatch
f:\dropbox\dropbox\dylemat_genetyczny\dylemat_genetyczny\god.cpp(380): warning C4018: '<': signed/unsigned mismatch
f:\dropbox\dropbox\dylemat_genetyczny\dylemat_genetyczny\god.cpp(553): warning C4018: '<': signed/unsigned mismatch
f:\dropbox\dropbox\dylemat_genetyczny\dylemat_genetyczny\god.cpp(556): warning C4018: '<': signed/unsigned mismatch
  Dylemat_Genetyczny.vcxproj -> F:\dropbox\Dropbox\Dylemat_Genetyczny\Debug\Dylemat_Genetyczny.exe
  Dylemat_Genetyczny.vcxproj -> F:\dropbox\Dropbox\Dylemat_Genetyczny\Debug\Dylemat_Genetyczny.pdb (Full PDB)
